<?xml version="1.0" encoding="UTF-8"?>
<!-- Generated by org.testng.reporters.JUnitXMLReporter -->
<testsuite ignored="1" hostname="Ashutoshs-MacBook-Air.local" failures="0" tests="2" name="Default test" time="29.069" errors="0" timestamp="18 Feb 2021 10:05:45 GMT">
  <testcase classname="com.imdb.automation.AutomationFramework" name="logIn" time="12.255"/>
  <testcase classname="com.imdb.automation.AutomationFramework" name="topmovie" time="12.322"/>
  <testcase classname="com.imdb.automation.AutomationFramework" name="signUp" time="0.0">
    <ignored/>
  </testcase> <!-- signUp -->
</testsuite> <!-- Default test -->
