<?xml version="1.0" encoding="UTF-8"?>
<testng-results ignored="1" total="3" passed="2" failed="0" skipped="0">
  <reporter-output>
  </reporter-output>
  <suite started-at="2021-02-18T10:05:15Z" name="Default suite" finished-at="2021-02-18T10:05:44Z" duration-ms="29069">
    <groups>
    </groups>
    <test started-at="2021-02-18T10:05:15Z" name="Default test" finished-at="2021-02-18T10:05:44Z" duration-ms="29069">
      <class name="com.imdb.automation.AutomationFramework">
        <test-method is-config="true" signature="preload()[pri:0, instance:com.imdb.automation.AutomationFramework@f2ff811]" started-at="2021-02-18T10:05:11Z" name="preload" finished-at="2021-02-18T10:05:15Z" duration-ms="4340" status="PASS">
          <reporter-output>
          </reporter-output>
        </test-method> <!-- preload -->
        <test-method is-config="true" signature="setBaseURL()[pri:0, instance:com.imdb.automation.AutomationFramework@f2ff811]" started-at="2021-02-18T10:05:15Z" name="setBaseURL" finished-at="2021-02-18T10:05:19Z" duration-ms="3997" status="PASS">
          <reporter-output>
          </reporter-output>
        </test-method> <!-- setBaseURL -->
        <test-method signature="logIn()[pri:0, instance:com.imdb.automation.AutomationFramework@f2ff811]" started-at="2021-02-18T10:05:19Z" name="logIn" finished-at="2021-02-18T10:05:32Z" duration-ms="12255" status="PASS">
          <reporter-output>
          </reporter-output>
        </test-method> <!-- logIn -->
        <test-method signature="topmovie()[pri:0, instance:com.imdb.automation.AutomationFramework@f2ff811]" started-at="2021-02-18T10:05:32Z" name="topmovie" finished-at="2021-02-18T10:05:44Z" duration-ms="12322" status="PASS">
          <reporter-output>
          </reporter-output>
        </test-method> <!-- topmovie -->
        <test-method is-config="true" signature="endSession()[pri:0, instance:com.imdb.automation.AutomationFramework@f2ff811]" started-at="2021-02-18T10:05:44Z" name="endSession" finished-at="2021-02-18T10:05:44Z" duration-ms="456" status="PASS">
          <reporter-output>
          </reporter-output>
        </test-method> <!-- endSession -->
      </class> <!-- com.imdb.automation.AutomationFramework -->
    </test> <!-- Default test -->
  </suite> <!-- Default suite -->
</testng-results>
